[35m[1mConsolidate compiler generated dependencies of target gtest_main[0m
[35m[1mConsolidate compiler generated dependencies of target gtest[0m
[35m[1mConsolidate compiler generated dependencies of target usb_camera_driver[0m
[ 20%] Built target gtest_main
[ 40%] Built target gtest
[ 60%] Built target usb_camera_driver
[35m[1mConsolidate compiler generated dependencies of target usb_camera_driver_node[0m
[35m[1mConsolidate compiler generated dependencies of target usb_camera_driver_tests[0m
[ 80%] Built target usb_camera_driver_tests
[100%] Built target usb_camera_driver_node
-- Install configuration: ""
-- Up-to-date: /home/maxjo/millispinner_cam_testing/ms_cam/install/usb_camera_driver/lib/libusb_camera_driver.so
-- Up-to-date: /home/maxjo/millispinner_cam_testing/ms_cam/install/usb_camera_driver/lib/usb_camera_driver/usb_camera_driver_node
-- Up-to-date: /home/maxjo/millispinner_cam_testing/ms_cam/install/usb_camera_driver/share/usb_camera_driver/launch
-- Installing: /home/maxjo/millispinner_cam_testing/ms_cam/install/usb_camera_driver/share/usb_camera_driver/launch/4kcam_launch.py
-- Up-to-date: /home/maxjo/millispinner_cam_testing/ms_cam/install/usb_camera_driver/share/usb_camera_driver/launch/usb_camera_node.launch.py
-- Up-to-date: /home/maxjo/millispinner_cam_testing/ms_cam/install/usb_camera_driver/share/usb_camera_driver/launch/usb_camera_component.launch.py
-- Up-to-date: /home/maxjo/millispinner_cam_testing/ms_cam/install/usb_camera_driver/share/ament_index/resource_index/package_run_dependencies/usb_camera_driver
-- Up-to-date: /home/maxjo/millispinner_cam_testing/ms_cam/install/usb_camera_driver/share/ament_index/resource_index/parent_prefix_path/usb_camera_driver
-- Up-to-date: /home/maxjo/millispinner_cam_testing/ms_cam/install/usb_camera_driver/share/usb_camera_driver/environment/ament_prefix_path.sh
-- Up-to-date: /home/maxjo/millispinner_cam_testing/ms_cam/install/usb_camera_driver/share/usb_camera_driver/environment/ament_prefix_path.dsv
-- Up-to-date: /home/maxjo/millispinner_cam_testing/ms_cam/install/usb_camera_driver/share/usb_camera_driver/environment/path.sh
-- Up-to-date: /home/maxjo/millispinner_cam_testing/ms_cam/install/usb_camera_driver/share/usb_camera_driver/environment/path.dsv
-- Up-to-date: /home/maxjo/millispinner_cam_testing/ms_cam/install/usb_camera_driver/share/usb_camera_driver/local_setup.bash
-- Up-to-date: /home/maxjo/millispinner_cam_testing/ms_cam/install/usb_camera_driver/share/usb_camera_driver/local_setup.sh
-- Up-to-date: /home/maxjo/millispinner_cam_testing/ms_cam/install/usb_camera_driver/share/usb_camera_driver/local_setup.zsh
-- Up-to-date: /home/maxjo/millispinner_cam_testing/ms_cam/install/usb_camera_driver/share/usb_camera_driver/local_setup.dsv
-- Installing: /home/maxjo/millispinner_cam_testing/ms_cam/install/usb_camera_driver/share/usb_camera_driver/package.dsv
-- Up-to-date: /home/maxjo/millispinner_cam_testing/ms_cam/install/usb_camera_driver/share/ament_index/resource_index/packages/usb_camera_driver
-- Up-to-date: /home/maxjo/millispinner_cam_testing/ms_cam/install/usb_camera_driver/share/ament_index/resource_index/rclcpp_components/usb_camera_driver
-- Up-to-date: /home/maxjo/millispinner_cam_testing/ms_cam/install/usb_camera_driver/share/usb_camera_driver/cmake/usb_camera_driverConfig.cmake
-- Up-to-date: /home/maxjo/millispinner_cam_testing/ms_cam/install/usb_camera_driver/share/usb_camera_driver/cmake/usb_camera_driverConfig-version.cmake
-- Up-to-date: /home/maxjo/millispinner_cam_testing/ms_cam/install/usb_camera_driver/share/usb_camera_driver/package.xml
