[0.118s] DEBUG:colcon:Command line arguments: ['/usr/bin/colcon', 'build']
[0.118s] DEBUG:colcon:Parsed command line arguments: Namespace(log_base=None, log_level=None, verb_name='build', build_base='build', install_base='install', merge_install=False, symlink_install=False, test_result_base=None, continue_on_error=False, executor='parallel', parallel_workers=12, event_handlers=None, ignore_user_meta=False, metas=['./colcon.meta'], base_paths=['.'], packages_ignore=None, packages_ignore_regex=None, paths=None, packages_up_to=None, packages_up_to_regex=None, packages_above=None, packages_above_and_dependencies=None, packages_above_depth=None, packages_select_by_dep=None, packages_skip_by_dep=None, packages_skip_up_to=None, packages_select_build_failed=False, packages_skip_build_finished=False, packages_select_test_failures=False, packages_skip_test_passed=False, packages_select=None, packages_skip=None, packages_select_regex=None, packages_skip_regex=None, packages_start=None, packages_end=None, allow_overriding=[], cmake_args=None, cmake_target=None, cmake_target_skip_unavailable=False, cmake_clean_cache=False, cmake_clean_first=False, cmake_force_configure=False, ament_cmake_args=None, catkin_cmake_args=None, catkin_skip_building_tests=False, mixin_files=None, mixin=None, verb_parser=<colcon_mixin.mixin.mixin_argument.MixinArgumentDecorator object at 0x726ee26672b0>, verb_extension=<colcon_core.verb.build.BuildVerb object at 0x726ee27a4280>, main=<bound method BuildVerb.main of <colcon_core.verb.build.BuildVerb object at 0x726ee27a4280>>, mixin_verb=('build',))
[0.329s] Level 1:colcon.colcon_core.package_discovery:discover_packages(colcon_meta) check parameters
[0.329s] Level 1:colcon.colcon_core.package_discovery:discover_packages(recursive) check parameters
[0.329s] Level 1:colcon.colcon_core.package_discovery:discover_packages(ignore) check parameters
[0.329s] Level 1:colcon.colcon_core.package_discovery:discover_packages(path) check parameters
[0.329s] Level 1:colcon.colcon_core.package_discovery:discover_packages(colcon_meta) discover
[0.329s] Level 1:colcon.colcon_core.package_discovery:discover_packages(recursive) discover
[0.329s] INFO:colcon.colcon_core.package_discovery:Crawling recursively for packages in '/home/maxjo/millispinner_cam_testing/ms_cam'
[0.329s] Level 1:colcon.colcon_core.package_identification:_identify(.) by extensions ['ignore', 'ignore_ament_install']
[0.329s] Level 1:colcon.colcon_core.package_identification:_identify(.) by extension 'ignore'
[0.329s] Level 1:colcon.colcon_core.package_identification:_identify(.) by extension 'ignore_ament_install'
[0.329s] Level 1:colcon.colcon_core.package_identification:_identify(.) by extensions ['colcon_pkg']
[0.330s] Level 1:colcon.colcon_core.package_identification:_identify(.) by extension 'colcon_pkg'
[0.330s] Level 1:colcon.colcon_core.package_identification:_identify(.) by extensions ['colcon_meta']
[0.330s] Level 1:colcon.colcon_core.package_identification:_identify(.) by extension 'colcon_meta'
[0.330s] Level 1:colcon.colcon_core.package_identification:_identify(.) by extensions ['ros']
[0.330s] Level 1:colcon.colcon_core.package_identification:_identify(.) by extension 'ros'
[0.341s] Level 1:colcon.colcon_core.package_identification:_identify(.) by extensions ['cmake', 'python']
[0.341s] Level 1:colcon.colcon_core.package_identification:_identify(.) by extension 'cmake'
[0.341s] Level 1:colcon.colcon_core.package_identification:_identify(.) by extension 'python'
[0.341s] Level 1:colcon.colcon_core.package_identification:_identify(.) by extensions ['python_setup_py']
[0.341s] Level 1:colcon.colcon_core.package_identification:_identify(.) by extension 'python_setup_py'
[0.341s] Level 1:colcon.colcon_core.package_identification:_identify(build) by extensions ['ignore', 'ignore_ament_install']
[0.341s] Level 1:colcon.colcon_core.package_identification:_identify(build) by extension 'ignore'
[0.341s] Level 1:colcon.colcon_core.package_identification:_identify(build) ignored
[0.342s] Level 1:colcon.colcon_core.package_identification:_identify(install) by extensions ['ignore', 'ignore_ament_install']
[0.342s] Level 1:colcon.colcon_core.package_identification:_identify(install) by extension 'ignore'
[0.342s] Level 1:colcon.colcon_core.package_identification:_identify(install) ignored
[0.342s] Level 1:colcon.colcon_core.package_identification:_identify(log) by extensions ['ignore', 'ignore_ament_install']
[0.342s] Level 1:colcon.colcon_core.package_identification:_identify(log) by extension 'ignore'
[0.342s] Level 1:colcon.colcon_core.package_identification:_identify(log) ignored
[0.342s] Level 1:colcon.colcon_core.package_identification:_identify(src) by extensions ['ignore', 'ignore_ament_install']
[0.342s] Level 1:colcon.colcon_core.package_identification:_identify(src) by extension 'ignore'
[0.342s] Level 1:colcon.colcon_core.package_identification:_identify(src) by extension 'ignore_ament_install'
[0.342s] Level 1:colcon.colcon_core.package_identification:_identify(src) by extensions ['colcon_pkg']
[0.342s] Level 1:colcon.colcon_core.package_identification:_identify(src) by extension 'colcon_pkg'
[0.342s] Level 1:colcon.colcon_core.package_identification:_identify(src) by extensions ['colcon_meta']
[0.342s] Level 1:colcon.colcon_core.package_identification:_identify(src) by extension 'colcon_meta'
[0.342s] Level 1:colcon.colcon_core.package_identification:_identify(src) by extensions ['ros']
[0.342s] Level 1:colcon.colcon_core.package_identification:_identify(src) by extension 'ros'
[0.343s] Level 1:colcon.colcon_core.package_identification:_identify(src) by extensions ['cmake', 'python']
[0.343s] Level 1:colcon.colcon_core.package_identification:_identify(src) by extension 'cmake'
[0.343s] Level 1:colcon.colcon_core.package_identification:_identify(src) by extension 'python'
[0.343s] Level 1:colcon.colcon_core.package_identification:_identify(src) by extensions ['python_setup_py']
[0.343s] Level 1:colcon.colcon_core.package_identification:_identify(src) by extension 'python_setup_py'
[0.343s] Level 1:colcon.colcon_core.package_identification:_identify(src/ros2_logitech_brio_publisher) by extensions ['ignore', 'ignore_ament_install']
[0.343s] Level 1:colcon.colcon_core.package_identification:_identify(src/ros2_logitech_brio_publisher) by extension 'ignore'
[0.343s] Level 1:colcon.colcon_core.package_identification:_identify(src/ros2_logitech_brio_publisher) by extension 'ignore_ament_install'
[0.343s] Level 1:colcon.colcon_core.package_identification:_identify(src/ros2_logitech_brio_publisher) by extensions ['colcon_pkg']
[0.343s] Level 1:colcon.colcon_core.package_identification:_identify(src/ros2_logitech_brio_publisher) by extension 'colcon_pkg'
[0.343s] Level 1:colcon.colcon_core.package_identification:_identify(src/ros2_logitech_brio_publisher) by extensions ['colcon_meta']
[0.343s] Level 1:colcon.colcon_core.package_identification:_identify(src/ros2_logitech_brio_publisher) by extension 'colcon_meta'
[0.343s] Level 1:colcon.colcon_core.package_identification:_identify(src/ros2_logitech_brio_publisher) by extensions ['ros']
[0.343s] Level 1:colcon.colcon_core.package_identification:_identify(src/ros2_logitech_brio_publisher) by extension 'ros'
[0.355s] DEBUG:colcon.colcon_core.package_identification:Package 'src/ros2_logitech_brio_publisher' with type 'ros.ament_cmake' and name 'usb_camera_driver'
[0.355s] Level 1:colcon.colcon_core.package_discovery:discover_packages(recursive) using defaults
[0.355s] Level 1:colcon.colcon_core.package_discovery:discover_packages(ignore) discover
[0.355s] Level 1:colcon.colcon_core.package_discovery:discover_packages(ignore) using defaults
[0.355s] Level 1:colcon.colcon_core.package_discovery:discover_packages(path) discover
[0.355s] Level 1:colcon.colcon_core.package_discovery:discover_packages(path) using defaults
[0.373s] Level 1:colcon.colcon_core.package_discovery:discover_packages(prefix_path) check parameters
[0.373s] Level 1:colcon.colcon_core.package_discovery:discover_packages(prefix_path) discover
[0.375s] DEBUG:colcon.colcon_installed_package_information.package_discovery:Found 1 installed packages in /home/maxjo/millispinner_cam_testing/install
[0.377s] DEBUG:colcon.colcon_installed_package_information.package_discovery:Found 383 installed packages in /opt/ros/humble
[0.379s] Level 1:colcon.colcon_core.package_discovery:discover_packages(prefix_path) using defaults
[0.428s] Level 5:colcon.colcon_core.verb:set package 'usb_camera_driver' build argument 'cmake_args' from command line to 'None'
[0.429s] Level 5:colcon.colcon_core.verb:set package 'usb_camera_driver' build argument 'cmake_target' from command line to 'None'
[0.429s] Level 5:colcon.colcon_core.verb:set package 'usb_camera_driver' build argument 'cmake_target_skip_unavailable' from command line to 'False'
[0.429s] Level 5:colcon.colcon_core.verb:set package 'usb_camera_driver' build argument 'cmake_clean_cache' from command line to 'False'
[0.429s] Level 5:colcon.colcon_core.verb:set package 'usb_camera_driver' build argument 'cmake_clean_first' from command line to 'False'
[0.429s] Level 5:colcon.colcon_core.verb:set package 'usb_camera_driver' build argument 'cmake_force_configure' from command line to 'False'
[0.429s] Level 5:colcon.colcon_core.verb:set package 'usb_camera_driver' build argument 'ament_cmake_args' from command line to 'None'
[0.429s] Level 5:colcon.colcon_core.verb:set package 'usb_camera_driver' build argument 'catkin_cmake_args' from command line to 'None'
[0.429s] Level 5:colcon.colcon_core.verb:set package 'usb_camera_driver' build argument 'catkin_skip_building_tests' from command line to 'False'
[0.429s] DEBUG:colcon.colcon_core.verb:Building package 'usb_camera_driver' with the following arguments: {'ament_cmake_args': None, 'build_base': '/home/maxjo/millispinner_cam_testing/ms_cam/build/usb_camera_driver', 'catkin_cmake_args': None, 'catkin_skip_building_tests': False, 'cmake_args': None, 'cmake_clean_cache': False, 'cmake_clean_first': False, 'cmake_force_configure': False, 'cmake_target': None, 'cmake_target_skip_unavailable': False, 'install_base': '/home/maxjo/millispinner_cam_testing/ms_cam/install/usb_camera_driver', 'merge_install': False, 'path': '/home/maxjo/millispinner_cam_testing/ms_cam/src/ros2_logitech_brio_publisher', 'symlink_install': False, 'test_result_base': None}
[0.429s] INFO:colcon.colcon_core.executor:Executing jobs using 'parallel' executor
[0.430s] DEBUG:colcon.colcon_parallel_executor.executor.parallel:run_until_complete
[0.430s] INFO:colcon.colcon_ros.task.ament_cmake.build:Building ROS package in '/home/maxjo/millispinner_cam_testing/ms_cam/src/ros2_logitech_brio_publisher' with build type 'ament_cmake'
[0.430s] INFO:colcon.colcon_cmake.task.cmake.build:Building CMake package in '/home/maxjo/millispinner_cam_testing/ms_cam/src/ros2_logitech_brio_publisher'
[0.432s] INFO:colcon.colcon_core.plugin_system:Skipping extension 'colcon_core.shell.bat': Not used on non-Windows systems
[0.432s] INFO:colcon.colcon_core.shell:Skip shell extension 'powershell' for command environment: Not usable outside of PowerShell
[0.432s] DEBUG:colcon.colcon_core.shell:Skip shell extension 'dsv' for command environment
[0.439s] DEBUG:colcon.colcon_core.event_handler.log_command:Invoking command in '/home/maxjo/millispinner_cam_testing/ms_cam/build/usb_camera_driver': CMAKE_PREFIX_PATH=${CMAKE_PREFIX_PATH}:/opt/ros/humble /usr/bin/cmake /home/maxjo/millispinner_cam_testing/ms_cam/src/ros2_logitech_brio_publisher -DCMAKE_INSTALL_PREFIX=/home/maxjo/millispinner_cam_testing/ms_cam/install/usb_camera_driver
[1.936s] DEBUG:colcon.colcon_core.event_handler.log_command:Invoked command in '/home/maxjo/millispinner_cam_testing/ms_cam/build/usb_camera_driver' returned '0': CMAKE_PREFIX_PATH=${CMAKE_PREFIX_PATH}:/opt/ros/humble /usr/bin/cmake /home/maxjo/millispinner_cam_testing/ms_cam/src/ros2_logitech_brio_publisher -DCMAKE_INSTALL_PREFIX=/home/maxjo/millispinner_cam_testing/ms_cam/install/usb_camera_driver
[1.938s] DEBUG:colcon.colcon_core.event_handler.log_command:Invoking command in '/home/maxjo/millispinner_cam_testing/ms_cam/build/usb_camera_driver': CMAKE_PREFIX_PATH=${CMAKE_PREFIX_PATH}:/opt/ros/humble /usr/bin/cmake --build /home/maxjo/millispinner_cam_testing/ms_cam/build/usb_camera_driver -- -j12 -l12
[12.218s] DEBUG:colcon.colcon_core.event_handler.log_command:Invoked command in '/home/maxjo/millispinner_cam_testing/ms_cam/build/usb_camera_driver' returned '0': CMAKE_PREFIX_PATH=${CMAKE_PREFIX_PATH}:/opt/ros/humble /usr/bin/cmake --build /home/maxjo/millispinner_cam_testing/ms_cam/build/usb_camera_driver -- -j12 -l12
[12.228s] DEBUG:colcon.colcon_core.event_handler.log_command:Invoking command in '/home/maxjo/millispinner_cam_testing/ms_cam/build/usb_camera_driver': CMAKE_PREFIX_PATH=${CMAKE_PREFIX_PATH}:/opt/ros/humble /usr/bin/cmake --install /home/maxjo/millispinner_cam_testing/ms_cam/build/usb_camera_driver
[12.243s] Level 1:colcon.colcon_core.environment:create_environment_scripts_only(usb_camera_driver)
[12.244s] DEBUG:colcon.colcon_core.event_handler.log_command:Invoked command in '/home/maxjo/millispinner_cam_testing/ms_cam/build/usb_camera_driver' returned '0': CMAKE_PREFIX_PATH=${CMAKE_PREFIX_PATH}:/opt/ros/humble /usr/bin/cmake --install /home/maxjo/millispinner_cam_testing/ms_cam/build/usb_camera_driver
[12.246s] Level 1:colcon.colcon_core.environment:checking '/home/maxjo/millispinner_cam_testing/ms_cam/install/usb_camera_driver' for CMake module files
[12.246s] Level 1:colcon.colcon_core.environment:checking '/home/maxjo/millispinner_cam_testing/ms_cam/install/usb_camera_driver' for CMake config files
[12.247s] Level 1:colcon.colcon_core.shell:create_environment_hook('usb_camera_driver', 'cmake_prefix_path')
[12.247s] INFO:colcon.colcon_core.shell:Creating environment hook '/home/maxjo/millispinner_cam_testing/ms_cam/install/usb_camera_driver/share/usb_camera_driver/hook/cmake_prefix_path.ps1'
[12.247s] INFO:colcon.colcon_core.shell:Creating environment descriptor '/home/maxjo/millispinner_cam_testing/ms_cam/install/usb_camera_driver/share/usb_camera_driver/hook/cmake_prefix_path.dsv'
[12.248s] INFO:colcon.colcon_core.shell:Creating environment hook '/home/maxjo/millispinner_cam_testing/ms_cam/install/usb_camera_driver/share/usb_camera_driver/hook/cmake_prefix_path.sh'
[12.248s] Level 1:colcon.colcon_core.environment:checking '/home/maxjo/millispinner_cam_testing/ms_cam/install/usb_camera_driver/lib'
[12.249s] Level 1:colcon.colcon_core.shell:create_environment_hook('usb_camera_driver', 'ld_library_path_lib')
[12.249s] INFO:colcon.colcon_core.shell:Creating environment hook '/home/maxjo/millispinner_cam_testing/ms_cam/install/usb_camera_driver/share/usb_camera_driver/hook/ld_library_path_lib.ps1'
[12.249s] INFO:colcon.colcon_core.shell:Creating environment descriptor '/home/maxjo/millispinner_cam_testing/ms_cam/install/usb_camera_driver/share/usb_camera_driver/hook/ld_library_path_lib.dsv'
[12.250s] INFO:colcon.colcon_core.shell:Creating environment hook '/home/maxjo/millispinner_cam_testing/ms_cam/install/usb_camera_driver/share/usb_camera_driver/hook/ld_library_path_lib.sh'
[12.250s] Level 1:colcon.colcon_core.environment:checking '/home/maxjo/millispinner_cam_testing/ms_cam/install/usb_camera_driver/bin'
[12.250s] Level 1:colcon.colcon_core.environment:checking '/home/maxjo/millispinner_cam_testing/ms_cam/install/usb_camera_driver/lib/pkgconfig/usb_camera_driver.pc'
[12.250s] Level 1:colcon.colcon_core.environment:checking '/home/maxjo/millispinner_cam_testing/ms_cam/install/usb_camera_driver/lib/python3.10/site-packages'
[12.250s] Level 1:colcon.colcon_core.environment:checking '/home/maxjo/millispinner_cam_testing/ms_cam/install/usb_camera_driver/bin'
[12.251s] INFO:colcon.colcon_core.shell:Creating package script '/home/maxjo/millispinner_cam_testing/ms_cam/install/usb_camera_driver/share/usb_camera_driver/package.ps1'
[12.252s] INFO:colcon.colcon_core.shell:Creating package descriptor '/home/maxjo/millispinner_cam_testing/ms_cam/install/usb_camera_driver/share/usb_camera_driver/package.dsv'
[12.252s] INFO:colcon.colcon_core.shell:Creating package script '/home/maxjo/millispinner_cam_testing/ms_cam/install/usb_camera_driver/share/usb_camera_driver/package.sh'
[12.253s] INFO:colcon.colcon_core.shell:Creating package script '/home/maxjo/millispinner_cam_testing/ms_cam/install/usb_camera_driver/share/usb_camera_driver/package.bash'
[12.253s] INFO:colcon.colcon_core.shell:Creating package script '/home/maxjo/millispinner_cam_testing/ms_cam/install/usb_camera_driver/share/usb_camera_driver/package.zsh'
[12.254s] Level 1:colcon.colcon_core.environment:create_file_with_runtime_dependencies(/home/maxjo/millispinner_cam_testing/ms_cam/install/usb_camera_driver/share/colcon-core/packages/usb_camera_driver)
[12.255s] Level 1:colcon.colcon_core.environment:create_environment_scripts_only(usb_camera_driver)
[12.255s] Level 1:colcon.colcon_core.environment:checking '/home/maxjo/millispinner_cam_testing/ms_cam/install/usb_camera_driver' for CMake module files
[12.256s] Level 1:colcon.colcon_core.environment:checking '/home/maxjo/millispinner_cam_testing/ms_cam/install/usb_camera_driver' for CMake config files
[12.256s] Level 1:colcon.colcon_core.shell:create_environment_hook('usb_camera_driver', 'cmake_prefix_path')
[12.256s] INFO:colcon.colcon_core.shell:Creating environment hook '/home/maxjo/millispinner_cam_testing/ms_cam/install/usb_camera_driver/share/usb_camera_driver/hook/cmake_prefix_path.ps1'
[12.256s] INFO:colcon.colcon_core.shell:Creating environment descriptor '/home/maxjo/millispinner_cam_testing/ms_cam/install/usb_camera_driver/share/usb_camera_driver/hook/cmake_prefix_path.dsv'
[12.257s] INFO:colcon.colcon_core.shell:Creating environment hook '/home/maxjo/millispinner_cam_testing/ms_cam/install/usb_camera_driver/share/usb_camera_driver/hook/cmake_prefix_path.sh'
[12.257s] Level 1:colcon.colcon_core.environment:checking '/home/maxjo/millispinner_cam_testing/ms_cam/install/usb_camera_driver/lib'
[12.257s] Level 1:colcon.colcon_core.shell:create_environment_hook('usb_camera_driver', 'ld_library_path_lib')
[12.258s] INFO:colcon.colcon_core.shell:Creating environment hook '/home/maxjo/millispinner_cam_testing/ms_cam/install/usb_camera_driver/share/usb_camera_driver/hook/ld_library_path_lib.ps1'
[12.258s] INFO:colcon.colcon_core.shell:Creating environment descriptor '/home/maxjo/millispinner_cam_testing/ms_cam/install/usb_camera_driver/share/usb_camera_driver/hook/ld_library_path_lib.dsv'
[12.258s] INFO:colcon.colcon_core.shell:Creating environment hook '/home/maxjo/millispinner_cam_testing/ms_cam/install/usb_camera_driver/share/usb_camera_driver/hook/ld_library_path_lib.sh'
[12.259s] Level 1:colcon.colcon_core.environment:checking '/home/maxjo/millispinner_cam_testing/ms_cam/install/usb_camera_driver/bin'
[12.259s] Level 1:colcon.colcon_core.environment:checking '/home/maxjo/millispinner_cam_testing/ms_cam/install/usb_camera_driver/lib/pkgconfig/usb_camera_driver.pc'
[12.259s] Level 1:colcon.colcon_core.environment:checking '/home/maxjo/millispinner_cam_testing/ms_cam/install/usb_camera_driver/lib/python3.10/site-packages'
[12.259s] Level 1:colcon.colcon_core.environment:checking '/home/maxjo/millispinner_cam_testing/ms_cam/install/usb_camera_driver/bin'
[12.259s] INFO:colcon.colcon_core.shell:Creating package script '/home/maxjo/millispinner_cam_testing/ms_cam/install/usb_camera_driver/share/usb_camera_driver/package.ps1'
[12.260s] INFO:colcon.colcon_core.shell:Creating package descriptor '/home/maxjo/millispinner_cam_testing/ms_cam/install/usb_camera_driver/share/usb_camera_driver/package.dsv'
[12.260s] INFO:colcon.colcon_core.shell:Creating package script '/home/maxjo/millispinner_cam_testing/ms_cam/install/usb_camera_driver/share/usb_camera_driver/package.sh'
[12.261s] INFO:colcon.colcon_core.shell:Creating package script '/home/maxjo/millispinner_cam_testing/ms_cam/install/usb_camera_driver/share/usb_camera_driver/package.bash'
[12.261s] INFO:colcon.colcon_core.shell:Creating package script '/home/maxjo/millispinner_cam_testing/ms_cam/install/usb_camera_driver/share/usb_camera_driver/package.zsh'
[12.262s] Level 1:colcon.colcon_core.environment:create_file_with_runtime_dependencies(/home/maxjo/millispinner_cam_testing/ms_cam/install/usb_camera_driver/share/colcon-core/packages/usb_camera_driver)
[12.262s] DEBUG:colcon.colcon_parallel_executor.executor.parallel:closing loop
[12.262s] DEBUG:colcon.colcon_parallel_executor.executor.parallel:loop closed
[12.262s] DEBUG:colcon.colcon_parallel_executor.executor.parallel:run_until_complete finished with '0'
[12.262s] DEBUG:colcon.colcon_core.event_reactor:joining thread
[12.270s] INFO:colcon.colcon_core.plugin_system:Skipping extension 'colcon_notification.desktop_notification.terminal_notifier': Not used on non-Darwin systems
[12.270s] INFO:colcon.colcon_core.plugin_system:Skipping extension 'colcon_notification.desktop_notification.win32': Not used on non-Windows systems
[12.270s] INFO:colcon.colcon_notification.desktop_notification:Sending desktop notification using 'notify2'
[12.294s] DEBUG:colcon.colcon_core.event_reactor:joined thread
[12.295s] INFO:colcon.colcon_core.shell:Creating prefix script '/home/maxjo/millispinner_cam_testing/ms_cam/install/local_setup.ps1'
[12.297s] INFO:colcon.colcon_core.shell:Creating prefix util module '/home/maxjo/millispinner_cam_testing/ms_cam/install/_local_setup_util_ps1.py'
[12.299s] INFO:colcon.colcon_core.shell:Creating prefix chain script '/home/maxjo/millispinner_cam_testing/ms_cam/install/setup.ps1'
[12.301s] INFO:colcon.colcon_core.shell:Creating prefix script '/home/maxjo/millispinner_cam_testing/ms_cam/install/local_setup.sh'
[12.302s] INFO:colcon.colcon_core.shell:Creating prefix util module '/home/maxjo/millispinner_cam_testing/ms_cam/install/_local_setup_util_sh.py'
[12.303s] INFO:colcon.colcon_core.shell:Creating prefix chain script '/home/maxjo/millispinner_cam_testing/ms_cam/install/setup.sh'
[12.304s] INFO:colcon.colcon_core.shell:Creating prefix script '/home/maxjo/millispinner_cam_testing/ms_cam/install/local_setup.bash'
[12.305s] INFO:colcon.colcon_core.shell:Creating prefix chain script '/home/maxjo/millispinner_cam_testing/ms_cam/install/setup.bash'
[12.307s] INFO:colcon.colcon_core.shell:Creating prefix script '/home/maxjo/millispinner_cam_testing/ms_cam/install/local_setup.zsh'
[12.307s] INFO:colcon.colcon_core.shell:Creating prefix chain script '/home/maxjo/millispinner_cam_testing/ms_cam/install/setup.zsh'
