[0.138s] DEBUG:colcon:Command line arguments: ['/usr/bin/colcon', 'build', '--packages-select', 'ros2_logitech_brio_publisher']
[0.138s] DEBUG:colcon:Parsed command line arguments: Namespace(log_base=None, log_level=None, verb_name='build', build_base='build', install_base='install', merge_install=False, symlink_install=False, test_result_base=None, continue_on_error=False, executor='parallel', parallel_workers=12, event_handlers=None, ignore_user_meta=False, metas=['./colcon.meta'], base_paths=['.'], packages_ignore=None, packages_ignore_regex=None, paths=None, packages_up_to=None, packages_up_to_regex=None, packages_above=None, packages_above_and_dependencies=None, packages_above_depth=None, packages_select_by_dep=None, packages_skip_by_dep=None, packages_skip_up_to=None, packages_select_build_failed=False, packages_skip_build_finished=False, packages_select_test_failures=False, packages_skip_test_passed=False, packages_select=['ros2_logitech_brio_publisher'], packages_skip=None, packages_select_regex=None, packages_skip_regex=None, packages_start=None, packages_end=None, allow_overriding=[], cmake_args=None, cmake_target=None, cmake_target_skip_unavailable=False, cmake_clean_cache=False, cmake_clean_first=False, cmake_force_configure=False, ament_cmake_args=None, catkin_cmake_args=None, catkin_skip_building_tests=False, mixin_files=None, mixin=None, verb_parser=<colcon_mixin.mixin.mixin_argument.MixinArgumentDecorator object at 0x73f9dbd4f340>, verb_extension=<colcon_core.verb.build.BuildVerb object at 0x73f9dbe94310>, main=<bound method BuildVerb.main of <colcon_core.verb.build.BuildVerb object at 0x73f9dbe94310>>, mixin_verb=('build',))
[0.393s] Level 1:colcon.colcon_core.package_discovery:discover_packages(colcon_meta) check parameters
[0.394s] Level 1:colcon.colcon_core.package_discovery:discover_packages(recursive) check parameters
[0.394s] Level 1:colcon.colcon_core.package_discovery:discover_packages(ignore) check parameters
[0.394s] Level 1:colcon.colcon_core.package_discovery:discover_packages(path) check parameters
[0.394s] Level 1:colcon.colcon_core.package_discovery:discover_packages(colcon_meta) discover
[0.394s] Level 1:colcon.colcon_core.package_discovery:discover_packages(recursive) discover
[0.394s] INFO:colcon.colcon_core.package_discovery:Crawling recursively for packages in '/home/maxjo/millispinner_cam_testing/ms_cam'
[0.394s] Level 1:colcon.colcon_core.package_identification:_identify(.) by extensions ['ignore', 'ignore_ament_install']
[0.394s] Level 1:colcon.colcon_core.package_identification:_identify(.) by extension 'ignore'
[0.394s] Level 1:colcon.colcon_core.package_identification:_identify(.) by extension 'ignore_ament_install'
[0.394s] Level 1:colcon.colcon_core.package_identification:_identify(.) by extensions ['colcon_pkg']
[0.394s] Level 1:colcon.colcon_core.package_identification:_identify(.) by extension 'colcon_pkg'
[0.394s] Level 1:colcon.colcon_core.package_identification:_identify(.) by extensions ['colcon_meta']
[0.394s] Level 1:colcon.colcon_core.package_identification:_identify(.) by extension 'colcon_meta'
[0.394s] Level 1:colcon.colcon_core.package_identification:_identify(.) by extensions ['ros']
[0.394s] Level 1:colcon.colcon_core.package_identification:_identify(.) by extension 'ros'
[0.405s] Level 1:colcon.colcon_core.package_identification:_identify(.) by extensions ['cmake', 'python']
[0.405s] Level 1:colcon.colcon_core.package_identification:_identify(.) by extension 'cmake'
[0.405s] Level 1:colcon.colcon_core.package_identification:_identify(.) by extension 'python'
[0.405s] Level 1:colcon.colcon_core.package_identification:_identify(.) by extensions ['python_setup_py']
[0.405s] Level 1:colcon.colcon_core.package_identification:_identify(.) by extension 'python_setup_py'
[0.405s] Level 1:colcon.colcon_core.package_identification:_identify(build) by extensions ['ignore', 'ignore_ament_install']
[0.405s] Level 1:colcon.colcon_core.package_identification:_identify(build) by extension 'ignore'
[0.405s] Level 1:colcon.colcon_core.package_identification:_identify(build) ignored
[0.405s] Level 1:colcon.colcon_core.package_identification:_identify(install) by extensions ['ignore', 'ignore_ament_install']
[0.405s] Level 1:colcon.colcon_core.package_identification:_identify(install) by extension 'ignore'
[0.405s] Level 1:colcon.colcon_core.package_identification:_identify(install) ignored
[0.405s] Level 1:colcon.colcon_core.package_identification:_identify(log) by extensions ['ignore', 'ignore_ament_install']
[0.406s] Level 1:colcon.colcon_core.package_identification:_identify(log) by extension 'ignore'
[0.406s] Level 1:colcon.colcon_core.package_identification:_identify(log) ignored
[0.406s] Level 1:colcon.colcon_core.package_identification:_identify(src) by extensions ['ignore', 'ignore_ament_install']
[0.406s] Level 1:colcon.colcon_core.package_identification:_identify(src) by extension 'ignore'
[0.406s] Level 1:colcon.colcon_core.package_identification:_identify(src) by extension 'ignore_ament_install'
[0.406s] Level 1:colcon.colcon_core.package_identification:_identify(src) by extensions ['colcon_pkg']
[0.406s] Level 1:colcon.colcon_core.package_identification:_identify(src) by extension 'colcon_pkg'
[0.406s] Level 1:colcon.colcon_core.package_identification:_identify(src) by extensions ['colcon_meta']
[0.406s] Level 1:colcon.colcon_core.package_identification:_identify(src) by extension 'colcon_meta'
[0.406s] Level 1:colcon.colcon_core.package_identification:_identify(src) by extensions ['ros']
[0.406s] Level 1:colcon.colcon_core.package_identification:_identify(src) by extension 'ros'
[0.406s] Level 1:colcon.colcon_core.package_identification:_identify(src) by extensions ['cmake', 'python']
[0.406s] Level 1:colcon.colcon_core.package_identification:_identify(src) by extension 'cmake'
[0.406s] Level 1:colcon.colcon_core.package_identification:_identify(src) by extension 'python'
[0.406s] Level 1:colcon.colcon_core.package_identification:_identify(src) by extensions ['python_setup_py']
[0.406s] Level 1:colcon.colcon_core.package_identification:_identify(src) by extension 'python_setup_py'
[0.406s] Level 1:colcon.colcon_core.package_identification:_identify(src/data) by extensions ['ignore', 'ignore_ament_install']
[0.407s] Level 1:colcon.colcon_core.package_identification:_identify(src/data) by extension 'ignore'
[0.407s] Level 1:colcon.colcon_core.package_identification:_identify(src/data) by extension 'ignore_ament_install'
[0.407s] Level 1:colcon.colcon_core.package_identification:_identify(src/data) by extensions ['colcon_pkg']
[0.407s] Level 1:colcon.colcon_core.package_identification:_identify(src/data) by extension 'colcon_pkg'
[0.407s] Level 1:colcon.colcon_core.package_identification:_identify(src/data) by extensions ['colcon_meta']
[0.407s] Level 1:colcon.colcon_core.package_identification:_identify(src/data) by extension 'colcon_meta'
[0.407s] Level 1:colcon.colcon_core.package_identification:_identify(src/data) by extensions ['ros']
[0.407s] Level 1:colcon.colcon_core.package_identification:_identify(src/data) by extension 'ros'
[0.407s] Level 1:colcon.colcon_core.package_identification:_identify(src/data) by extensions ['cmake', 'python']
[0.407s] Level 1:colcon.colcon_core.package_identification:_identify(src/data) by extension 'cmake'
[0.407s] Level 1:colcon.colcon_core.package_identification:_identify(src/data) by extension 'python'
[0.407s] Level 1:colcon.colcon_core.package_identification:_identify(src/data) by extensions ['python_setup_py']
[0.407s] Level 1:colcon.colcon_core.package_identification:_identify(src/data) by extension 'python_setup_py'
[0.407s] Level 1:colcon.colcon_core.package_identification:_identify(src/data/image_bag_lz4) by extensions ['ignore', 'ignore_ament_install']
[0.407s] Level 1:colcon.colcon_core.package_identification:_identify(src/data/image_bag_lz4) by extension 'ignore'
[0.407s] Level 1:colcon.colcon_core.package_identification:_identify(src/data/image_bag_lz4) by extension 'ignore_ament_install'
[0.407s] Level 1:colcon.colcon_core.package_identification:_identify(src/data/image_bag_lz4) by extensions ['colcon_pkg']
[0.407s] Level 1:colcon.colcon_core.package_identification:_identify(src/data/image_bag_lz4) by extension 'colcon_pkg'
[0.407s] Level 1:colcon.colcon_core.package_identification:_identify(src/data/image_bag_lz4) by extensions ['colcon_meta']
[0.407s] Level 1:colcon.colcon_core.package_identification:_identify(src/data/image_bag_lz4) by extension 'colcon_meta'
[0.408s] Level 1:colcon.colcon_core.package_identification:_identify(src/data/image_bag_lz4) by extensions ['ros']
[0.408s] Level 1:colcon.colcon_core.package_identification:_identify(src/data/image_bag_lz4) by extension 'ros'
[0.408s] Level 1:colcon.colcon_core.package_identification:_identify(src/data/image_bag_lz4) by extensions ['cmake', 'python']
[0.408s] Level 1:colcon.colcon_core.package_identification:_identify(src/data/image_bag_lz4) by extension 'cmake'
[0.408s] Level 1:colcon.colcon_core.package_identification:_identify(src/data/image_bag_lz4) by extension 'python'
[0.408s] Level 1:colcon.colcon_core.package_identification:_identify(src/data/image_bag_lz4) by extensions ['python_setup_py']
[0.408s] Level 1:colcon.colcon_core.package_identification:_identify(src/data/image_bag_lz4) by extension 'python_setup_py'
[0.408s] Level 1:colcon.colcon_core.package_identification:_identify(src/data/image_bag_lz41) by extensions ['ignore', 'ignore_ament_install']
[0.408s] Level 1:colcon.colcon_core.package_identification:_identify(src/data/image_bag_lz41) by extension 'ignore'
[0.408s] Level 1:colcon.colcon_core.package_identification:_identify(src/data/image_bag_lz41) by extension 'ignore_ament_install'
[0.408s] Level 1:colcon.colcon_core.package_identification:_identify(src/data/image_bag_lz41) by extensions ['colcon_pkg']
[0.408s] Level 1:colcon.colcon_core.package_identification:_identify(src/data/image_bag_lz41) by extension 'colcon_pkg'
[0.408s] Level 1:colcon.colcon_core.package_identification:_identify(src/data/image_bag_lz41) by extensions ['colcon_meta']
[0.408s] Level 1:colcon.colcon_core.package_identification:_identify(src/data/image_bag_lz41) by extension 'colcon_meta'
[0.408s] Level 1:colcon.colcon_core.package_identification:_identify(src/data/image_bag_lz41) by extensions ['ros']
[0.408s] Level 1:colcon.colcon_core.package_identification:_identify(src/data/image_bag_lz41) by extension 'ros'
[0.408s] Level 1:colcon.colcon_core.package_identification:_identify(src/data/image_bag_lz41) by extensions ['cmake', 'python']
[0.408s] Level 1:colcon.colcon_core.package_identification:_identify(src/data/image_bag_lz41) by extension 'cmake'
[0.408s] Level 1:colcon.colcon_core.package_identification:_identify(src/data/image_bag_lz41) by extension 'python'
[0.408s] Level 1:colcon.colcon_core.package_identification:_identify(src/data/image_bag_lz41) by extensions ['python_setup_py']
[0.409s] Level 1:colcon.colcon_core.package_identification:_identify(src/data/image_bag_lz41) by extension 'python_setup_py'
[0.409s] Level 1:colcon.colcon_core.package_identification:_identify(src/ros2_logitech_brio_publisher) by extensions ['ignore', 'ignore_ament_install']
[0.409s] Level 1:colcon.colcon_core.package_identification:_identify(src/ros2_logitech_brio_publisher) by extension 'ignore'
[0.409s] Level 1:colcon.colcon_core.package_identification:_identify(src/ros2_logitech_brio_publisher) by extension 'ignore_ament_install'
[0.409s] Level 1:colcon.colcon_core.package_identification:_identify(src/ros2_logitech_brio_publisher) by extensions ['colcon_pkg']
[0.409s] Level 1:colcon.colcon_core.package_identification:_identify(src/ros2_logitech_brio_publisher) by extension 'colcon_pkg'
[0.409s] Level 1:colcon.colcon_core.package_identification:_identify(src/ros2_logitech_brio_publisher) by extensions ['colcon_meta']
[0.409s] Level 1:colcon.colcon_core.package_identification:_identify(src/ros2_logitech_brio_publisher) by extension 'colcon_meta'
[0.409s] Level 1:colcon.colcon_core.package_identification:_identify(src/ros2_logitech_brio_publisher) by extensions ['ros']
[0.409s] Level 1:colcon.colcon_core.package_identification:_identify(src/ros2_logitech_brio_publisher) by extension 'ros'
[0.421s] DEBUG:colcon.colcon_core.package_identification:Package 'src/ros2_logitech_brio_publisher' with type 'ros.ament_cmake' and name 'usb_camera_driver'
[0.421s] Level 1:colcon.colcon_core.package_identification:_identify(src/scripts) by extensions ['ignore', 'ignore_ament_install']
[0.421s] Level 1:colcon.colcon_core.package_identification:_identify(src/scripts) by extension 'ignore'
[0.421s] Level 1:colcon.colcon_core.package_identification:_identify(src/scripts) by extension 'ignore_ament_install'
[0.421s] Level 1:colcon.colcon_core.package_identification:_identify(src/scripts) by extensions ['colcon_pkg']
[0.421s] Level 1:colcon.colcon_core.package_identification:_identify(src/scripts) by extension 'colcon_pkg'
[0.421s] Level 1:colcon.colcon_core.package_identification:_identify(src/scripts) by extensions ['colcon_meta']
[0.421s] Level 1:colcon.colcon_core.package_identification:_identify(src/scripts) by extension 'colcon_meta'
[0.421s] Level 1:colcon.colcon_core.package_identification:_identify(src/scripts) by extensions ['ros']
[0.421s] Level 1:colcon.colcon_core.package_identification:_identify(src/scripts) by extension 'ros'
[0.421s] Level 1:colcon.colcon_core.package_identification:_identify(src/scripts) by extensions ['cmake', 'python']
[0.421s] Level 1:colcon.colcon_core.package_identification:_identify(src/scripts) by extension 'cmake'
[0.421s] Level 1:colcon.colcon_core.package_identification:_identify(src/scripts) by extension 'python'
[0.421s] Level 1:colcon.colcon_core.package_identification:_identify(src/scripts) by extensions ['python_setup_py']
[0.421s] Level 1:colcon.colcon_core.package_identification:_identify(src/scripts) by extension 'python_setup_py'
[0.421s] Level 1:colcon.colcon_core.package_identification:_identify(src/scripts/calibration) by extensions ['ignore', 'ignore_ament_install']
[0.422s] Level 1:colcon.colcon_core.package_identification:_identify(src/scripts/calibration) by extension 'ignore'
[0.422s] Level 1:colcon.colcon_core.package_identification:_identify(src/scripts/calibration) by extension 'ignore_ament_install'
[0.422s] Level 1:colcon.colcon_core.package_identification:_identify(src/scripts/calibration) by extensions ['colcon_pkg']
[0.422s] Level 1:colcon.colcon_core.package_identification:_identify(src/scripts/calibration) by extension 'colcon_pkg'
[0.422s] Level 1:colcon.colcon_core.package_identification:_identify(src/scripts/calibration) by extensions ['colcon_meta']
[0.422s] Level 1:colcon.colcon_core.package_identification:_identify(src/scripts/calibration) by extension 'colcon_meta'
[0.422s] Level 1:colcon.colcon_core.package_identification:_identify(src/scripts/calibration) by extensions ['ros']
[0.422s] Level 1:colcon.colcon_core.package_identification:_identify(src/scripts/calibration) by extension 'ros'
[0.422s] Level 1:colcon.colcon_core.package_identification:_identify(src/scripts/calibration) by extensions ['cmake', 'python']
[0.422s] Level 1:colcon.colcon_core.package_identification:_identify(src/scripts/calibration) by extension 'cmake'
[0.422s] Level 1:colcon.colcon_core.package_identification:_identify(src/scripts/calibration) by extension 'python'
[0.422s] Level 1:colcon.colcon_core.package_identification:_identify(src/scripts/calibration) by extensions ['python_setup_py']
[0.422s] Level 1:colcon.colcon_core.package_identification:_identify(src/scripts/calibration) by extension 'python_setup_py'
[0.422s] Level 1:colcon.colcon_core.package_identification:_identify(src/scripts/calibration/images) by extensions ['ignore', 'ignore_ament_install']
[0.422s] Level 1:colcon.colcon_core.package_identification:_identify(src/scripts/calibration/images) by extension 'ignore'
[0.422s] Level 1:colcon.colcon_core.package_identification:_identify(src/scripts/calibration/images) by extension 'ignore_ament_install'
[0.422s] Level 1:colcon.colcon_core.package_identification:_identify(src/scripts/calibration/images) by extensions ['colcon_pkg']
[0.422s] Level 1:colcon.colcon_core.package_identification:_identify(src/scripts/calibration/images) by extension 'colcon_pkg'
[0.422s] Level 1:colcon.colcon_core.package_identification:_identify(src/scripts/calibration/images) by extensions ['colcon_meta']
[0.423s] Level 1:colcon.colcon_core.package_identification:_identify(src/scripts/calibration/images) by extension 'colcon_meta'
[0.423s] Level 1:colcon.colcon_core.package_identification:_identify(src/scripts/calibration/images) by extensions ['ros']
[0.423s] Level 1:colcon.colcon_core.package_identification:_identify(src/scripts/calibration/images) by extension 'ros'
[0.423s] Level 1:colcon.colcon_core.package_identification:_identify(src/scripts/calibration/images) by extensions ['cmake', 'python']
[0.423s] Level 1:colcon.colcon_core.package_identification:_identify(src/scripts/calibration/images) by extension 'cmake'
[0.423s] Level 1:colcon.colcon_core.package_identification:_identify(src/scripts/calibration/images) by extension 'python'
[0.423s] Level 1:colcon.colcon_core.package_identification:_identify(src/scripts/calibration/images) by extensions ['python_setup_py']
[0.423s] Level 1:colcon.colcon_core.package_identification:_identify(src/scripts/calibration/images) by extension 'python_setup_py'
[0.423s] Level 1:colcon.colcon_core.package_identification:_identify(src/scripts/launch) by extensions ['ignore', 'ignore_ament_install']
[0.423s] Level 1:colcon.colcon_core.package_identification:_identify(src/scripts/launch) by extension 'ignore'
[0.423s] Level 1:colcon.colcon_core.package_identification:_identify(src/scripts/launch) by extension 'ignore_ament_install'
[0.423s] Level 1:colcon.colcon_core.package_identification:_identify(src/scripts/launch) by extensions ['colcon_pkg']
[0.423s] Level 1:colcon.colcon_core.package_identification:_identify(src/scripts/launch) by extension 'colcon_pkg'
[0.423s] Level 1:colcon.colcon_core.package_identification:_identify(src/scripts/launch) by extensions ['colcon_meta']
[0.423s] Level 1:colcon.colcon_core.package_identification:_identify(src/scripts/launch) by extension 'colcon_meta'
[0.423s] Level 1:colcon.colcon_core.package_identification:_identify(src/scripts/launch) by extensions ['ros']
[0.424s] Level 1:colcon.colcon_core.package_identification:_identify(src/scripts/launch) by extension 'ros'
[0.424s] Level 1:colcon.colcon_core.package_identification:_identify(src/scripts/launch) by extensions ['cmake', 'python']
[0.424s] Level 1:colcon.colcon_core.package_identification:_identify(src/scripts/launch) by extension 'cmake'
[0.424s] Level 1:colcon.colcon_core.package_identification:_identify(src/scripts/launch) by extension 'python'
[0.424s] Level 1:colcon.colcon_core.package_identification:_identify(src/scripts/launch) by extensions ['python_setup_py']
[0.424s] Level 1:colcon.colcon_core.package_identification:_identify(src/scripts/launch) by extension 'python_setup_py'
[0.424s] Level 1:colcon.colcon_core.package_discovery:discover_packages(recursive) using defaults
[0.424s] Level 1:colcon.colcon_core.package_discovery:discover_packages(ignore) discover
[0.424s] Level 1:colcon.colcon_core.package_discovery:discover_packages(ignore) using defaults
[0.424s] Level 1:colcon.colcon_core.package_discovery:discover_packages(path) discover
[0.424s] Level 1:colcon.colcon_core.package_discovery:discover_packages(path) using defaults
[0.424s] WARNING:colcon.colcon_core.package_selection:ignoring unknown package 'ros2_logitech_brio_publisher' in --packages-select
[0.455s] INFO:colcon.colcon_core.package_selection:Skipping not selected package 'usb_camera_driver' in 'src/ros2_logitech_brio_publisher'
[0.456s] Level 1:colcon.colcon_core.package_discovery:discover_packages(prefix_path) check parameters
[0.456s] Level 1:colcon.colcon_core.package_discovery:discover_packages(prefix_path) discover
[0.461s] DEBUG:colcon.colcon_installed_package_information.package_discovery:Found 383 installed packages in /opt/ros/humble
[0.463s] Level 1:colcon.colcon_core.package_discovery:discover_packages(prefix_path) using defaults
[0.514s] INFO:colcon.colcon_core.executor:Executing jobs using 'parallel' executor
[0.515s] DEBUG:colcon.colcon_parallel_executor.executor.parallel:run_until_complete
[0.515s] DEBUG:colcon.colcon_parallel_executor.executor.parallel:closing loop
[0.515s] DEBUG:colcon.colcon_parallel_executor.executor.parallel:loop closed
[0.515s] DEBUG:colcon.colcon_parallel_executor.executor.parallel:run_until_complete finished with '0'
[0.515s] DEBUG:colcon.colcon_core.event_reactor:joining thread
[0.521s] INFO:colcon.colcon_core.plugin_system:Skipping extension 'colcon_notification.desktop_notification.terminal_notifier': Not used on non-Darwin systems
[0.522s] INFO:colcon.colcon_core.plugin_system:Skipping extension 'colcon_notification.desktop_notification.win32': Not used on non-Windows systems
[0.522s] INFO:colcon.colcon_notification.desktop_notification:Sending desktop notification using 'notify2'
[0.539s] DEBUG:colcon.colcon_core.event_reactor:joined thread
[0.546s] INFO:colcon.colcon_core.plugin_system:Skipping extension 'colcon_core.shell.bat': Not used on non-Windows systems
[0.547s] INFO:colcon.colcon_core.shell:Creating prefix script '/home/maxjo/millispinner_cam_testing/ms_cam/install/local_setup.ps1'
[0.548s] INFO:colcon.colcon_core.shell:Creating prefix util module '/home/maxjo/millispinner_cam_testing/ms_cam/install/_local_setup_util_ps1.py'
[0.550s] INFO:colcon.colcon_core.shell:Creating prefix chain script '/home/maxjo/millispinner_cam_testing/ms_cam/install/setup.ps1'
[0.551s] INFO:colcon.colcon_core.shell:Creating prefix script '/home/maxjo/millispinner_cam_testing/ms_cam/install/local_setup.sh'
[0.552s] INFO:colcon.colcon_core.shell:Creating prefix util module '/home/maxjo/millispinner_cam_testing/ms_cam/install/_local_setup_util_sh.py'
[0.553s] INFO:colcon.colcon_core.shell:Creating prefix chain script '/home/maxjo/millispinner_cam_testing/ms_cam/install/setup.sh'
[0.554s] INFO:colcon.colcon_core.shell:Creating prefix script '/home/maxjo/millispinner_cam_testing/ms_cam/install/local_setup.bash'
[0.555s] INFO:colcon.colcon_core.shell:Creating prefix chain script '/home/maxjo/millispinner_cam_testing/ms_cam/install/setup.bash'
[0.556s] INFO:colcon.colcon_core.shell:Creating prefix script '/home/maxjo/millispinner_cam_testing/ms_cam/install/local_setup.zsh'
[0.556s] INFO:colcon.colcon_core.shell:Creating prefix chain script '/home/maxjo/millispinner_cam_testing/ms_cam/install/setup.zsh'
