-- The C compiler identification is GNU 11.4.0
-- The CXX compiler identification is GNU 11.4.0
-- Detecting C compiler ABI info
-- Detecting C compiler ABI info - done
-- Check for working C compiler: /usr/bin/cc - skipped
-- Detecting C compile features
-- Detecting C compile features - done
-- Detecting CXX compiler ABI info
-- Detecting CXX compiler ABI info - done
-- Check for working CXX compiler: /usr/bin/c++ - skipped
-- Detecting CXX compile features
-- Detecting CXX compile features - done
-- Found ament_cmake: 1.3.11 (/opt/ros/humble/share/ament_cmake/cmake)
-- Found Python3: /usr/bin/python3 (found version "3.10.16") found components: Interpreter 
-- Found rclcpp: 16.0.12 (/opt/ros/humble/share/rclcpp/cmake)
-- Found rosidl_generator_c: 3.1.6 (/opt/ros/humble/share/rosidl_generator_c/cmake)
-- Found rosidl_adapter: 3.1.6 (/opt/ros/humble/share/rosidl_adapter/cmake)
-- Found rosidl_generator_cpp: 3.1.6 (/opt/ros/humble/share/rosidl_generator_cpp/cmake)
-- Using all available rosidl_typesupport_c: rosidl_typesupport_fastrtps_c;rosidl_typesupport_introspection_c
-- Using all available rosidl_typesupport_cpp: rosidl_typesupport_fastrtps_cpp;rosidl_typesupport_introspection_cpp
-- Found rmw_implementation_cmake: 6.1.2 (/opt/ros/humble/share/rmw_implementation_cmake/cmake)
-- Found rmw_fastrtps_cpp: 6.2.7 (/opt/ros/humble/share/rmw_fastrtps_cpp/cmake)
-- Found OpenSSL: /usr/lib/x86_64-linux-gnu/libcrypto.so (found version "3.0.2")  
-- Found FastRTPS: /opt/ros/humble/include  
-- Using RMW implementation 'rmw_fastrtps_cpp' as default
-- Looking for pthread.h
-- Looking for pthread.h - found
-- Performing Test CMAKE_HAVE_LIBC_PTHREAD
-- Performing Test CMAKE_HAVE_LIBC_PTHREAD - Success
-- Found Threads: TRUE  
-- Found rclcpp_components: 16.0.12 (/opt/ros/humble/share/rclcpp_components/cmake)
-- Found sensor_msgs: 4.8.0 (/opt/ros/humble/share/sensor_msgs/cmake)
-- Found camera_info_manager: 3.1.11 (/opt/ros/humble/share/camera_info_manager/cmake)
-- Found image_transport: 3.1.11 (/opt/ros/humble/share/image_transport/cmake)
-- Found OpenCV: /usr (found version "4.5.4") 
-- Found ament_lint_auto: 0.12.12 (/opt/ros/humble/share/ament_lint_auto/cmake)
-- Found ament_cmake_gtest: 1.3.11 (/opt/ros/humble/share/ament_cmake_gtest/cmake)
-- Found gtest sources under '/opt/ros/humble/src/gtest_vendor': C++ tests using 'Google Test' will be built
-- Configuring done
-- Generating done
-- Build files have been written to: /home/maxjo/millispinner_cam_testing/ms_cam/build/usb_camera_driver
[ 20%] [32mBuilding CXX object gtest/CMakeFiles/gtest_main.dir/src/gtest_main.cc.o[0m
[ 20%] [32mBuilding CXX object gtest/CMakeFiles/gtest.dir/src/gtest-all.cc.o[0m
[ 30%] [32mBuilding CXX object CMakeFiles/usb_camera_driver.dir/src/usb_camera_driver.cpp.o[0m
[ 40%] [32m[1mLinking CXX static library libgtest_main.a[0m
[ 40%] Built target gtest_main
[ 50%] [32m[1mLinking CXX static library libgtest.a[0m
[ 50%] Built target gtest
[ 60%] [32m[1mLinking CXX shared library libusb_camera_driver.so[0m
[ 60%] Built target usb_camera_driver
[ 80%] [32mBuilding CXX object test/CMakeFiles/usb_camera_driver_tests.dir/usb_camera_driver_tests.cpp.o[0m
[ 80%] [32mBuilding CXX object CMakeFiles/usb_camera_driver_node.dir/src/usb_camera_driver_node.cpp.o[0m
[ 90%] [32m[1mLinking CXX executable usb_camera_driver_node[0m
[ 90%] Built target usb_camera_driver_node
[100%] [32m[1mLinking CXX executable usb_camera_driver_tests[0m
[100%] Built target usb_camera_driver_tests
-- Install configuration: ""
-- Installing: /home/maxjo/millispinner_cam_testing/ms_cam/install/usb_camera_driver/lib/libusb_camera_driver.so
-- Set runtime path of "/home/maxjo/millispinner_cam_testing/ms_cam/install/usb_camera_driver/lib/libusb_camera_driver.so" to ""
-- Installing: /home/maxjo/millispinner_cam_testing/ms_cam/install/usb_camera_driver/lib/usb_camera_driver/usb_camera_driver_node
-- Set runtime path of "/home/maxjo/millispinner_cam_testing/ms_cam/install/usb_camera_driver/lib/usb_camera_driver/usb_camera_driver_node" to ""
-- Installing: /home/maxjo/millispinner_cam_testing/ms_cam/install/usb_camera_driver/share/usb_camera_driver/launch
-- Installing: /home/maxjo/millispinner_cam_testing/ms_cam/install/usb_camera_driver/share/usb_camera_driver/launch/usb_camera_node.launch.py
-- Installing: /home/maxjo/millispinner_cam_testing/ms_cam/install/usb_camera_driver/share/usb_camera_driver/launch/usb_camera_component.launch.py
-- Installing: /home/maxjo/millispinner_cam_testing/ms_cam/install/usb_camera_driver/share/ament_index/resource_index/package_run_dependencies/usb_camera_driver
-- Installing: /home/maxjo/millispinner_cam_testing/ms_cam/install/usb_camera_driver/share/ament_index/resource_index/parent_prefix_path/usb_camera_driver
-- Installing: /home/maxjo/millispinner_cam_testing/ms_cam/install/usb_camera_driver/share/usb_camera_driver/environment/ament_prefix_path.sh
-- Installing: /home/maxjo/millispinner_cam_testing/ms_cam/install/usb_camera_driver/share/usb_camera_driver/environment/ament_prefix_path.dsv
-- Installing: /home/maxjo/millispinner_cam_testing/ms_cam/install/usb_camera_driver/share/usb_camera_driver/environment/path.sh
-- Installing: /home/maxjo/millispinner_cam_testing/ms_cam/install/usb_camera_driver/share/usb_camera_driver/environment/path.dsv
-- Installing: /home/maxjo/millispinner_cam_testing/ms_cam/install/usb_camera_driver/share/usb_camera_driver/local_setup.bash
-- Installing: /home/maxjo/millispinner_cam_testing/ms_cam/install/usb_camera_driver/share/usb_camera_driver/local_setup.sh
-- Installing: /home/maxjo/millispinner_cam_testing/ms_cam/install/usb_camera_driver/share/usb_camera_driver/local_setup.zsh
-- Installing: /home/maxjo/millispinner_cam_testing/ms_cam/install/usb_camera_driver/share/usb_camera_driver/local_setup.dsv
-- Installing: /home/maxjo/millispinner_cam_testing/ms_cam/install/usb_camera_driver/share/usb_camera_driver/package.dsv
-- Installing: /home/maxjo/millispinner_cam_testing/ms_cam/install/usb_camera_driver/share/ament_index/resource_index/packages/usb_camera_driver
-- Installing: /home/maxjo/millispinner_cam_testing/ms_cam/install/usb_camera_driver/share/ament_index/resource_index/rclcpp_components/usb_camera_driver
-- Installing: /home/maxjo/millispinner_cam_testing/ms_cam/install/usb_camera_driver/share/usb_camera_driver/cmake/usb_camera_driverConfig.cmake
-- Installing: /home/maxjo/millispinner_cam_testing/ms_cam/install/usb_camera_driver/share/usb_camera_driver/cmake/usb_camera_driverConfig-version.cmake
-- Installing: /home/maxjo/millispinner_cam_testing/ms_cam/install/usb_camera_driver/share/usb_camera_driver/package.xml
