[0.008s] Invoking command in '/home/maxjo/millispinner_cam_testing/ms_cam/build/usb_camera_driver': CMAKE_PREFIX_PATH=${CMAKE_PREFIX_PATH}:/opt/ros/humble /usr/bin/cmake /home/maxjo/millispinner_cam_testing/ms_cam/src/ros2_logitech_brio_publisher -DCMAKE_INSTALL_PREFIX=/home/maxjo/millispinner_cam_testing/ms_cam/install/usb_camera_driver
[0.075s] -- The C compiler identification is GNU 11.4.0
[0.141s] -- The CXX compiler identification is GNU 11.4.0
[0.148s] -- Detecting C compiler ABI info
[0.226s] -- Detecting C compiler ABI info - done
[0.239s] -- Check for working C compiler: /usr/bin/cc - skipped
[0.239s] -- Detecting C compile features
[0.240s] -- Detecting C compile features - done
[0.243s] -- Detecting CXX compiler ABI info
[0.336s] -- Detecting CXX compiler ABI info - done
[0.346s] -- Check for working CXX compiler: /usr/bin/c++ - skipped
[0.346s] -- Detecting CXX compile features
[0.347s] -- Detecting CXX compile features - done
[0.350s] -- Found ament_cmake: 1.3.11 (/opt/ros/humble/share/ament_cmake/cmake)
[0.531s] -- Found Python3: /usr/bin/python3 (found version "3.10.16") found components: Interpreter 
[0.634s] -- Found rclcpp: 16.0.12 (/opt/ros/humble/share/rclcpp/cmake)
[0.681s] -- Found rosidl_generator_c: 3.1.6 (/opt/ros/humble/share/rosidl_generator_c/cmake)
[0.686s] -- Found rosidl_adapter: 3.1.6 (/opt/ros/humble/share/rosidl_adapter/cmake)
[0.695s] -- Found rosidl_generator_cpp: 3.1.6 (/opt/ros/humble/share/rosidl_generator_cpp/cmake)
[0.709s] -- Using all available rosidl_typesupport_c: rosidl_typesupport_fastrtps_c;rosidl_typesupport_introspection_c
[0.736s] -- Using all available rosidl_typesupport_cpp: rosidl_typesupport_fastrtps_cpp;rosidl_typesupport_introspection_cpp
[0.787s] -- Found rmw_implementation_cmake: 6.1.2 (/opt/ros/humble/share/rmw_implementation_cmake/cmake)
[0.790s] -- Found rmw_fastrtps_cpp: 6.2.7 (/opt/ros/humble/share/rmw_fastrtps_cpp/cmake)
[0.895s] -- Found OpenSSL: /usr/lib/x86_64-linux-gnu/libcrypto.so (found version "3.0.2")  
[0.934s] -- Found FastRTPS: /opt/ros/humble/include  
[0.979s] -- Using RMW implementation 'rmw_fastrtps_cpp' as default
[0.992s] -- Looking for pthread.h
[1.073s] -- Looking for pthread.h - found
[1.074s] -- Performing Test CMAKE_HAVE_LIBC_PTHREAD
[1.162s] -- Performing Test CMAKE_HAVE_LIBC_PTHREAD - Success
[1.163s] -- Found Threads: TRUE  
[1.228s] -- Found rclcpp_components: 16.0.12 (/opt/ros/humble/share/rclcpp_components/cmake)
[1.262s] -- Found sensor_msgs: 4.8.0 (/opt/ros/humble/share/sensor_msgs/cmake)
[1.300s] -- Found camera_info_manager: 3.1.11 (/opt/ros/humble/share/camera_info_manager/cmake)
[1.318s] -- Found image_transport: 3.1.11 (/opt/ros/humble/share/image_transport/cmake)
[1.359s] -- Found OpenCV: /usr (found version "4.5.4") 
[1.363s] -- Found ament_lint_auto: 0.12.12 (/opt/ros/humble/share/ament_lint_auto/cmake)
[1.439s] -- Found ament_cmake_gtest: 1.3.11 (/opt/ros/humble/share/ament_cmake_gtest/cmake)
[1.444s] -- Found gtest sources under '/opt/ros/humble/src/gtest_vendor': C++ tests using 'Google Test' will be built
[1.450s] -- Configuring done
[1.483s] -- Generating done
[1.494s] -- Build files have been written to: /home/maxjo/millispinner_cam_testing/ms_cam/build/usb_camera_driver
[1.505s] Invoked command in '/home/maxjo/millispinner_cam_testing/ms_cam/build/usb_camera_driver' returned '0': CMAKE_PREFIX_PATH=${CMAKE_PREFIX_PATH}:/opt/ros/humble /usr/bin/cmake /home/maxjo/millispinner_cam_testing/ms_cam/src/ros2_logitech_brio_publisher -DCMAKE_INSTALL_PREFIX=/home/maxjo/millispinner_cam_testing/ms_cam/install/usb_camera_driver
[1.507s] Invoking command in '/home/maxjo/millispinner_cam_testing/ms_cam/build/usb_camera_driver': CMAKE_PREFIX_PATH=${CMAKE_PREFIX_PATH}:/opt/ros/humble /usr/bin/cmake --build /home/maxjo/millispinner_cam_testing/ms_cam/build/usb_camera_driver -- -j12 -l12
[1.570s] [ 20%] [32mBuilding CXX object gtest/CMakeFiles/gtest_main.dir/src/gtest_main.cc.o[0m
[1.570s] [ 20%] [32mBuilding CXX object gtest/CMakeFiles/gtest.dir/src/gtest-all.cc.o[0m
[1.570s] [ 30%] [32mBuilding CXX object CMakeFiles/usb_camera_driver.dir/src/usb_camera_driver.cpp.o[0m
[2.271s] [ 40%] [32m[1mLinking CXX static library libgtest_main.a[0m
[2.311s] [ 40%] Built target gtest_main
[4.311s] In file included from [01m[K/home/maxjo/millispinner_cam_testing/ms_cam/src/ros2_logitech_brio_publisher/include/usb_camera_driver.hpp:37[m[K,
[4.311s]                  from [01m[K/home/maxjo/millispinner_cam_testing/ms_cam/src/ros2_logitech_brio_publisher/src/usb_camera_driver.cpp:28[m[K:
[4.311s] [01m[K/opt/ros/humble/include/camera_info_manager/camera_info_manager/camera_info_manager.h:41:93:[m[K [01;36m[Knote: [m[K‘[01m[K#pragma message: Warning: This header is deprecated. Use 'camera_info_manager.hpp' instead[m[K’
[4.311s]    41 | age ("Warning: This header is deprecated. Use 'camera_info_manager.hpp' instead"[01;36m[K)[m[K
[4.311s]       |                                                                                 [01;36m[K^[m[K
[4.311s] 
[4.339s] In file included from [01m[K/home/maxjo/millispinner_cam_testing/ms_cam/src/ros2_logitech_brio_publisher/include/usb_camera_driver.hpp:38[m[K,
[4.339s]                  from [01m[K/home/maxjo/millispinner_cam_testing/ms_cam/src/ros2_logitech_brio_publisher/src/usb_camera_driver.cpp:28[m[K:
[4.339s] [01m[K/opt/ros/humble/include/image_transport/image_transport/image_transport.h:32:89:[m[K [01;36m[Knote: [m[K‘[01m[K#pragma message: Warning: This header is deprecated. Use 'image_transport.hpp' instead[m[K’
[4.339s]    32 | message ("Warning: This header is deprecated. Use 'image_transport.hpp' instead"[01;36m[K)[m[K
[4.339s]       |                                                                                 [01;36m[K^[m[K
[4.340s] 
[4.801s] [ 50%] [32m[1mLinking CXX static library libgtest.a[0m
[4.873s] [ 50%] Built target gtest
[5.769s] [ 60%] [32m[1mLinking CXX shared library libusb_camera_driver.so[0m
[5.960s] [ 60%] Built target usb_camera_driver
[5.982s] [ 80%] [32mBuilding CXX object test/CMakeFiles/usb_camera_driver_tests.dir/usb_camera_driver_tests.cpp.o[0m
[5.982s] [ 80%] [32mBuilding CXX object CMakeFiles/usb_camera_driver_node.dir/src/usb_camera_driver_node.cpp.o[0m
[8.826s] In file included from [01m[K/home/maxjo/millispinner_cam_testing/ms_cam/src/ros2_logitech_brio_publisher/include/usb_camera_driver.hpp:37[m[K,
[8.826s]                  from [01m[K/home/maxjo/millispinner_cam_testing/ms_cam/src/ros2_logitech_brio_publisher/src/usb_camera_driver_node.cpp:23[m[K:
[8.826s] [01m[K/opt/ros/humble/include/camera_info_manager/camera_info_manager/camera_info_manager.h:41:93:[m[K [01;36m[Knote: [m[K‘[01m[K#pragma message: Warning: This header is deprecated. Use 'camera_info_manager.hpp' instead[m[K’
[8.826s]    41 | age ("Warning: This header is deprecated. Use 'camera_info_manager.hpp' instead"[01;36m[K)[m[K
[8.826s]       |                                                                                 [01;36m[K^[m[K
[8.826s] 
[8.865s] In file included from [01m[K/home/maxjo/millispinner_cam_testing/ms_cam/src/ros2_logitech_brio_publisher/include/usb_camera_driver.hpp:38[m[K,
[8.865s]                  from [01m[K/home/maxjo/millispinner_cam_testing/ms_cam/src/ros2_logitech_brio_publisher/src/usb_camera_driver_node.cpp:23[m[K:
[8.865s] [01m[K/opt/ros/humble/include/image_transport/image_transport/image_transport.h:32:89:[m[K [01;36m[Knote: [m[K‘[01m[K#pragma message: Warning: This header is deprecated. Use 'image_transport.hpp' instead[m[K’
[8.865s]    32 | message ("Warning: This header is deprecated. Use 'image_transport.hpp' instead"[01;36m[K)[m[K
[8.866s]       |                                                                                 [01;36m[K^[m[K
[8.866s] 
[9.736s] In file included from [01m[K/home/maxjo/millispinner_cam_testing/ms_cam/src/ros2_logitech_brio_publisher/include/usb_camera_driver.hpp:37[m[K,
[9.736s]                  from [01m[K/home/maxjo/millispinner_cam_testing/ms_cam/src/ros2_logitech_brio_publisher/test/usb_camera_driver_tests.cpp:4[m[K:
[9.736s] [01m[K/opt/ros/humble/include/camera_info_manager/camera_info_manager/camera_info_manager.h:41:93:[m[K [01;36m[Knote: [m[K‘[01m[K#pragma message: Warning: This header is deprecated. Use 'camera_info_manager.hpp' instead[m[K’
[9.736s]    41 | #pragma message ("Warning: This header is deprecated. Use 'camera_info_manager.hpp' instead"[01;36m[K)[m[K
[9.736s]       |                                                                                             [01;36m[K^[m[K
[9.777s] In file included from [01m[K/home/maxjo/millispinner_cam_testing/ms_cam/src/ros2_logitech_brio_publisher/include/usb_camera_driver.hpp:38[m[K,
[9.777s]                  from [01m[K/home/maxjo/millispinner_cam_testing/ms_cam/src/ros2_logitech_brio_publisher/test/usb_camera_driver_tests.cpp:4[m[K:
[9.777s] [01m[K/opt/ros/humble/include/image_transport/image_transport/image_transport.h:32:89:[m[K [01;36m[Knote: [m[K‘[01m[K#pragma message: Warning: This header is deprecated. Use 'image_transport.hpp' instead[m[K’
[9.777s]    32 | #pragma message ("Warning: This header is deprecated. Use 'image_transport.hpp' instead"[01;36m[K)[m[K
[9.779s]       |                                                                                         [01;36m[K^[m[K
[9.944s] [ 90%] [32m[1mLinking CXX executable usb_camera_driver_node[0m
[10.540s] [ 90%] Built target usb_camera_driver_node
[11.102s] [100%] [32m[1mLinking CXX executable usb_camera_driver_tests[0m
[11.767s] [100%] Built target usb_camera_driver_tests
[11.787s] Invoked command in '/home/maxjo/millispinner_cam_testing/ms_cam/build/usb_camera_driver' returned '0': CMAKE_PREFIX_PATH=${CMAKE_PREFIX_PATH}:/opt/ros/humble /usr/bin/cmake --build /home/maxjo/millispinner_cam_testing/ms_cam/build/usb_camera_driver -- -j12 -l12
[11.798s] Invoking command in '/home/maxjo/millispinner_cam_testing/ms_cam/build/usb_camera_driver': CMAKE_PREFIX_PATH=${CMAKE_PREFIX_PATH}:/opt/ros/humble /usr/bin/cmake --install /home/maxjo/millispinner_cam_testing/ms_cam/build/usb_camera_driver
[11.806s] -- Install configuration: ""
[11.806s] -- Installing: /home/maxjo/millispinner_cam_testing/ms_cam/install/usb_camera_driver/lib/libusb_camera_driver.so
[11.807s] -- Set runtime path of "/home/maxjo/millispinner_cam_testing/ms_cam/install/usb_camera_driver/lib/libusb_camera_driver.so" to ""
[11.807s] -- Installing: /home/maxjo/millispinner_cam_testing/ms_cam/install/usb_camera_driver/lib/usb_camera_driver/usb_camera_driver_node
[11.808s] -- Set runtime path of "/home/maxjo/millispinner_cam_testing/ms_cam/install/usb_camera_driver/lib/usb_camera_driver/usb_camera_driver_node" to ""
[11.808s] -- Installing: /home/maxjo/millispinner_cam_testing/ms_cam/install/usb_camera_driver/share/usb_camera_driver/launch
[11.808s] -- Installing: /home/maxjo/millispinner_cam_testing/ms_cam/install/usb_camera_driver/share/usb_camera_driver/launch/usb_camera_node.launch.py
[11.808s] -- Installing: /home/maxjo/millispinner_cam_testing/ms_cam/install/usb_camera_driver/share/usb_camera_driver/launch/usb_camera_component.launch.py
[11.808s] -- Installing: /home/maxjo/millispinner_cam_testing/ms_cam/install/usb_camera_driver/share/ament_index/resource_index/package_run_dependencies/usb_camera_driver
[11.809s] -- Installing: /home/maxjo/millispinner_cam_testing/ms_cam/install/usb_camera_driver/share/ament_index/resource_index/parent_prefix_path/usb_camera_driver
[11.809s] -- Installing: /home/maxjo/millispinner_cam_testing/ms_cam/install/usb_camera_driver/share/usb_camera_driver/environment/ament_prefix_path.sh
[11.809s] -- Installing: /home/maxjo/millispinner_cam_testing/ms_cam/install/usb_camera_driver/share/usb_camera_driver/environment/ament_prefix_path.dsv
[11.809s] -- Installing: /home/maxjo/millispinner_cam_testing/ms_cam/install/usb_camera_driver/share/usb_camera_driver/environment/path.sh
[11.809s] -- Installing: /home/maxjo/millispinner_cam_testing/ms_cam/install/usb_camera_driver/share/usb_camera_driver/environment/path.dsv
[11.809s] -- Installing: /home/maxjo/millispinner_cam_testing/ms_cam/install/usb_camera_driver/share/usb_camera_driver/local_setup.bash
[11.810s] -- Installing: /home/maxjo/millispinner_cam_testing/ms_cam/install/usb_camera_driver/share/usb_camera_driver/local_setup.sh
[11.810s] -- Installing: /home/maxjo/millispinner_cam_testing/ms_cam/install/usb_camera_driver/share/usb_camera_driver/local_setup.zsh
[11.810s] -- Installing: /home/maxjo/millispinner_cam_testing/ms_cam/install/usb_camera_driver/share/usb_camera_driver/local_setup.dsv
[11.810s] -- Installing: /home/maxjo/millispinner_cam_testing/ms_cam/install/usb_camera_driver/share/usb_camera_driver/package.dsv
[11.810s] -- Installing: /home/maxjo/millispinner_cam_testing/ms_cam/install/usb_camera_driver/share/ament_index/resource_index/packages/usb_camera_driver
[11.810s] -- Installing: /home/maxjo/millispinner_cam_testing/ms_cam/install/usb_camera_driver/share/ament_index/resource_index/rclcpp_components/usb_camera_driver
[11.810s] -- Installing: /home/maxjo/millispinner_cam_testing/ms_cam/install/usb_camera_driver/share/usb_camera_driver/cmake/usb_camera_driverConfig.cmake
[11.811s] -- Installing: /home/maxjo/millispinner_cam_testing/ms_cam/install/usb_camera_driver/share/usb_camera_driver/cmake/usb_camera_driverConfig-version.cmake
[11.811s] -- Installing: /home/maxjo/millispinner_cam_testing/ms_cam/install/usb_camera_driver/share/usb_camera_driver/package.xml
[11.813s] Invoked command in '/home/maxjo/millispinner_cam_testing/ms_cam/build/usb_camera_driver' returned '0': CMAKE_PREFIX_PATH=${CMAKE_PREFIX_PATH}:/opt/ros/humble /usr/bin/cmake --install /home/maxjo/millispinner_cam_testing/ms_cam/build/usb_camera_driver
